2018-11-05 21:08:20 ==> File_Worker_DoWork_Tail:  Log file tail started.
2018-11-05 21:08:26 ==> File_Worker_DoWork_Tail:  New Log Entries: Object Created
2018-11-05 21:08:26 ==> File_Worker_DoWork_Tail:  Updating Progress
2018-11-05 21:08:26 ==> File_Worker_DoWork_Tail:  New Log Entries: Object Created
2018-11-05 21:08:26 ==> File_Worker_DoWork_Tail:  Updating Progress
2018-11-05 21:08:26 ==> File_Worker_DoWork_Tail:  New Log Entries: Object Created
2018-11-05 21:08:26 ==> File_Worker_DoWork_Tail:  Updating Progress
2018-11-05 21:08:39 ==> File_Worker_DoWork_Tail:  New Log Entries: Object Created
2018-11-05 21:08:39 ==> File_Worker_DoWork_Tail:  Updating Progress
2018-11-05 21:08:39 ==> File_Worker_DoWork_Tail:  New Log Entries: Object Created
2018-11-05 21:08:39 ==> File_Worker_DoWork_Tail:  Updating Progress
2018-11-05 21:08:39 ==> File_Worker_DoWork_Tail:  New Log Entries: Object Created
2018-11-05 21:08:40 ==> File_Worker_DoWork_Tail:  Updating Progress
2018-11-05 21:08:40 ==> File_Worker_DoWork_Tail:  New Log Entries: Object Created
2018-11-05 21:08:40 ==> File_Worker_DoWork_Tail:  Updating Progress
2018-11-05 21:08:40 ==> File_Worker_DoWork_Tail:  New Log Entries: Object Created
2018-11-05 21:08:40 ==> File_Worker_DoWork_Tail:  Updating Progress
2018-11-05 21:08:40 ==> File_Worker_DoWork_Tail:  New Log Entries: Object Created
2018-11-05 21:08:40 ==> File_Worker_DoWork_Tail:  Updating Progress
2018-11-05 21:08:40 ==> File_Worker_DoWork_Tail:  New Log Entries: Object Created
2018-11-05 21:08:40 ==> File_Worker_DoWork_Tail:  Updating Progress
2018-11-05 21:08:40 ==> File_Worker_DoWork_Tail:  New Log Entries: Object Created
2018-11-05 21:08:40 ==> File_Worker_DoWork_Tail:  Updating Progress
2018-11-05 21:08:40 ==> File_Worker_DoWork_Tail:  New Log Entries: Object Created
2018-11-05 21:08:41 ==> File_Worker_DoWork_Tail:  Updating Progress
2018-11-05 21:08:52 ==> File_Worker_DoWork_Tail:  New Log Entries: Object Created
2018-11-05 21:08:52 ==> File_Worker_DoWork_Tail:  Updating Progress
2018-11-05 21:08:52 ==> File_Worker_DoWork_Tail:  New Log Entries: Object Created
2018-11-05 21:08:53 ==> File_Worker_DoWork_Tail:  Updating Progress
2018-11-05 21:08:53 ==> File_Worker_DoWork_Tail:  New Log Entries: Object Created
2018-11-05 21:08:53 ==> File_Worker_DoWork_Tail:  Updating Progress
2018-11-05 21:08:53 ==> File_Worker_DoWork_Tail:  New Log Entries: Object Created
2018-11-05 21:08:53 ==> File_Worker_DoWork_Tail:  Updating Progress
2018-11-05 21:08:53 ==> File_Worker_DoWork_Tail:  New Log Entries: Object Created
2018-11-05 21:08:53 ==> File_Worker_DoWork_Tail:  Updating Progress
2018-11-05 21:08:53 ==> File_Worker_DoWork_Tail:  New Log Entries: Object Created
2018-11-05 21:08:54 ==> File_Worker_DoWork_Tail:  Updating Progress
2018-11-05 21:08:54 ==> File_Worker_DoWork_Tail:  New Log Entries: Object Created
2018-11-05 21:08:54 ==> File_Worker_DoWork_Tail:  Updating Progress
2018-11-05 21:08:54 ==> File_Worker_DoWork_Tail:  New Log Entries: Object Created
2018-11-05 21:08:54 ==> File_Worker_DoWork_Tail:  Updating Progress
2018-11-05 21:08:54 ==> File_Worker_DoWork_Tail:  New Log Entries: Object Created
2018-11-05 21:08:54 ==> File_Worker_DoWork_Tail:  Updating Progress
2018-11-05 21:08:54 ==> File_Worker_DoWork_Tail:  New Log Entries: Object Created
2018-11-05 21:08:55 ==> File_Worker_DoWork_Tail:  Updating Progress
2018-11-05 21:08:55 ==> File_Worker_DoWork_Tail:  New Log Entries: Object Created
2018-11-05 21:08:55 ==> File_Worker_DoWork_Tail:  Updating Progress
2018-11-05 21:08:55 ==> File_Worker_DoWork_Tail:  New Log Entries: Object Created
2018-11-05 21:08:55 ==> File_Worker_DoWork_Tail:  Updating Progress
2018-11-05 21:08:55 ==> File_Worker_DoWork_Tail:  New Log Entries: Object Created
2018-11-05 21:08:56 ==> File_Worker_DoWork_Tail:  Updating Progress
2018-11-05 21:08:56 ==> File_Worker_DoWork_Tail:  New Log Entries: Object Created
2018-11-05 21:08:56 ==> File_Worker_DoWork_Tail:  Updating Progress
2018-11-05 21:08:56 ==> File_Worker_DoWork_Tail:  New Log Entries: Object Created
2018-11-05 21:08:56 ==> File_Worker_DoWork_Tail:  Updating Progress
2018-11-05 21:08:56 ==> File_Worker_DoWork_Tail:  New Log Entries: Object Created
2018-11-05 21:08:56 ==> File_Worker_DoWork_Tail:  Updating Progress
2018-11-05 21:08:56 ==> File_Worker_DoWork_Tail:  New Log Entries: Object Created
2018-11-05 21:08:57 ==> File_Worker_DoWork_Tail:  Updating Progress
2018-11-05 21:08:57 ==> File_Worker_DoWork_Tail:  New Log Entries: Object Created
2018-11-05 21:08:57 ==> File_Worker_DoWork_Tail:  Updating Progress
2018-11-05 21:09:05 ==> File_Worker_DoWork_Tail:  New Log Entries: Object Created
2018-11-05 21:09:05 ==> File_Worker_DoWork_Tail:  Updating Progress
2018-11-05 21:09:05 ==> File_Worker_DoWork_Tail:  New Log Entries: Object Created
2018-11-05 21:09:06 ==> File_Worker_DoWork_Tail:  Updating Progress
2018-11-05 21:09:06 ==> File_Worker_DoWork_Tail:  New Log Entries: Object Created
2018-11-05 21:09:06 ==> File_Worker_DoWork_Tail:  Updating Progress
2018-11-05 21:09:06 ==> File_Worker_DoWork_Tail:  New Log Entries: Object Created
2018-11-05 21:09:06 ==> File_Worker_DoWork_Tail:  Updating Progress
2018-11-05 21:09:06 ==> File_Worker_DoWork_Tail:  New Log Entries: Object Created
2018-11-05 21:09:06 ==> File_Worker_DoWork_Tail:  Updating Progress
2018-11-05 21:09:06 ==> File_Worker_DoWork_Tail:  New Log Entries: Object Created
2018-11-05 21:09:07 ==> File_Worker_DoWork_Tail:  Updating Progress
2018-11-05 21:09:07 ==> File_Worker_DoWork_Tail:  New Log Entries: Object Created
2018-11-05 21:09:07 ==> File_Worker_DoWork_Tail:  Updating Progress
2018-11-05 21:09:07 ==> File_Worker_DoWork_Tail:  New Log Entries: Object Created
2018-11-05 21:09:07 ==> File_Worker_DoWork_Tail:  Updating Progress
2018-11-05 21:09:07 ==> File_Worker_DoWork_Tail:  New Log Entries: Object Created
2018-11-05 21:09:08 ==> File_Worker_DoWork_Tail:  Updating Progress
2018-11-05 21:09:08 ==> File_Worker_DoWork_Tail:  New Log Entries: Object Created
2018-11-05 21:09:08 ==> File_Worker_DoWork_Tail:  Updating Progress
2018-11-05 21:09:08 ==> File_Worker_DoWork_Tail:  New Log Entries: Object Created
2018-11-05 21:09:08 ==> File_Worker_DoWork_Tail:  Updating Progress
2018-11-05 21:09:08 ==> File_Worker_DoWork_Tail:  New Log Entries: Object Created
2018-11-05 21:09:08 ==> File_Worker_DoWork_Tail:  Updating Progress
2018-11-05 21:09:08 ==> File_Worker_DoWork_Tail:  New Log Entries: Object Created
2018-11-05 21:09:09 ==> File_Worker_DoWork_Tail:  Updating Progress
2018-11-05 21:09:09 ==> File_Worker_DoWork_Tail:  New Log Entries: Object Created
2018-11-05 21:09:09 ==> File_Worker_DoWork_Tail:  Updating Progress
2018-11-05 21:09:09 ==> File_Worker_DoWork_Tail:  New Log Entries: Object Created
2018-11-05 21:09:09 ==> File_Worker_DoWork_Tail:  Updating Progress
2018-11-05 21:09:09 ==> File_Worker_DoWork_Tail:  New Log Entries: Object Created
2018-11-05 21:09:09 ==> File_Worker_DoWork_Tail:  Updating Progress
2018-11-05 21:09:09 ==> File_Worker_DoWork_Tail:  New Log Entries: Object Created
2018-11-05 21:09:10 ==> File_Worker_DoWork_Tail:  Updating Progress
2018-11-05 21:09:10 ==> File_Worker_DoWork_Tail:  New Log Entries: Object Created
2018-11-05 21:09:10 ==> File_Worker_DoWork_Tail:  Updating Progress
2018-11-05 21:09:10 ==> File_Worker_DoWork_Tail:  New Log Entries: Object Created
2018-11-05 21:09:10 ==> File_Worker_DoWork_Tail:  Updating Progress
2018-11-05 21:09:18 ==> File_Worker_DoWork_Tail:  New Log Entries: Object Created
2018-11-05 21:09:18 ==> File_Worker_DoWork_Tail:  Updating Progress
2018-11-05 21:09:18 ==> File_Worker_DoWork_Tail:  New Log Entries: Object Created
2018-11-05 21:09:19 ==> File_Worker_DoWork_Tail:  Updating Progress
2018-11-05 21:09:19 ==> File_Worker_DoWork_Tail:  New Log Entries: Object Created
2018-11-05 21:09:19 ==> File_Worker_DoWork_Tail:  Updating Progress
2018-11-05 21:09:19 ==> File_Worker_DoWork_Tail:  New Log Entries: Object Created
2018-11-05 21:09:19 ==> File_Worker_DoWork_Tail:  Updating Progress
2018-11-05 21:09:19 ==> File_Worker_DoWork_Tail:  New Log Entries: Object Created
2018-11-05 21:09:19 ==> File_Worker_DoWork_Tail:  Updating Progress
2018-11-05 21:09:19 ==> File_Worker_DoWork_Tail:  New Log Entries: Object Created
2018-11-05 21:09:20 ==> File_Worker_DoWork_Tail:  Updating Progress
2018-11-05 21:09:20 ==> File_Worker_DoWork_Tail:  New Log Entries: Object Created
2018-11-05 21:09:20 ==> File_Worker_DoWork_Tail:  Updating Progress
2018-11-05 21:09:20 ==> File_Worker_DoWork_Tail:  New Log Entries: Object Created
2018-11-05 21:09:20 ==> File_Worker_DoWork_Tail:  Updating Progress
2018-11-05 21:09:20 ==> File_Worker_DoWork_Tail:  New Log Entries: Object Created
2018-11-05 21:09:20 ==> File_Worker_DoWork_Tail:  Updating Progress
2018-11-05 21:09:20 ==> File_Worker_DoWork_Tail:  New Log Entries: Object Created
2018-11-05 21:09:21 ==> File_Worker_DoWork_Tail:  Updating Progress
2018-11-05 21:09:21 ==> File_Worker_DoWork_Tail:  New Log Entries: Object Created
2018-11-05 21:09:21 ==> File_Worker_DoWork_Tail:  Updating Progress
2018-11-05 21:09:21 ==> File_Worker_DoWork_Tail:  New Log Entries: Object Created
2018-11-05 21:09:21 ==> File_Worker_DoWork_Tail:  Updating Progress
2018-11-05 21:09:21 ==> File_Worker_DoWork_Tail:  New Log Entries: Object Created
2018-11-05 21:09:22 ==> File_Worker_DoWork_Tail:  Updating Progress
2018-11-05 21:09:22 ==> File_Worker_DoWork_Tail:  New Log Entries: Object Created
2018-11-05 21:09:22 ==> File_Worker_DoWork_Tail:  Updating Progress
2018-11-05 21:09:22 ==> File_Worker_DoWork_Tail:  New Log Entries: Object Created
2018-11-05 21:09:22 ==> File_Worker_DoWork_Tail:  Updating Progress
2018-11-05 21:09:22 ==> File_Worker_DoWork_Tail:  New Log Entries: Object Created
2018-11-05 21:09:22 ==> File_Worker_DoWork_Tail:  Updating Progress
2018-11-05 21:09:22 ==> File_Worker_DoWork_Tail:  New Log Entries: Object Created
2018-11-05 21:09:23 ==> File_Worker_DoWork_Tail:  Updating Progress
2018-11-05 21:09:31 ==> File_Worker_DoWork_Tail:  New Log Entries: Object Created
2018-11-05 21:09:31 ==> File_Worker_DoWork_Tail:  Updating Progress
2018-11-05 21:09:31 ==> File_Worker_DoWork_Tail:  New Log Entries: Object Created
2018-11-05 21:09:32 ==> File_Worker_DoWork_Tail:  Updating Progress
2018-11-05 21:09:32 ==> File_Worker_DoWork_Tail:  New Log Entries: Object Created
2018-11-05 21:09:32 ==> File_Worker_DoWork_Tail:  Updating Progress
2018-11-05 21:09:32 ==> File_Worker_DoWork_Tail:  New Log Entries: Object Created
2018-11-05 21:09:32 ==> File_Worker_DoWork_Tail:  Updating Progress
2018-11-05 21:09:32 ==> File_Worker_DoWork_Tail:  New Log Entries: Object Created
2018-11-05 21:09:32 ==> File_Worker_DoWork_Tail:  Updating Progress
2018-11-05 21:09:32 ==> File_Worker_DoWork_Tail:  New Log Entries: Object Created
2018-11-05 21:09:33 ==> File_Worker_DoWork_Tail:  Updating Progress
2018-11-05 21:09:33 ==> File_Worker_DoWork_Tail:  New Log Entries: Object Created
2018-11-05 21:09:33 ==> File_Worker_DoWork_Tail:  Updating Progress
2018-11-05 21:09:33 ==> File_Worker_DoWork_Tail:  New Log Entries: Object Created
2018-11-05 21:09:33 ==> File_Worker_DoWork_Tail:  Updating Progress
2018-11-05 21:09:33 ==> File_Worker_DoWork_Tail:  New Log Entries: Object Created
2018-11-05 21:09:33 ==> File_Worker_DoWork_Tail:  Updating Progress
2018-11-05 21:09:33 ==> File_Worker_DoWork_Tail:  New Log Entries: Object Created
2018-11-05 21:09:34 ==> File_Worker_DoWork_Tail:  Updating Progress
2018-11-05 21:09:34 ==> File_Worker_DoWork_Tail:  New Log Entries: Object Created
2018-11-05 21:09:34 ==> File_Worker_DoWork_Tail:  Updating Progress
2018-11-05 21:09:34 ==> File_Worker_DoWork_Tail:  New Log Entries: Object Created
2018-11-05 21:09:34 ==> File_Worker_DoWork_Tail:  Updating Progress
2018-11-05 21:09:34 ==> File_Worker_DoWork_Tail:  New Log Entries: Object Created
2018-11-05 21:09:35 ==> File_Worker_DoWork_Tail:  Updating Progress
2018-11-05 21:09:35 ==> File_Worker_DoWork_Tail:  New Log Entries: Object Created
2018-11-05 21:09:35 ==> File_Worker_DoWork_Tail:  Updating Progress
2018-11-05 21:09:35 ==> File_Worker_DoWork_Tail:  New Log Entries: Object Created
2018-11-05 21:09:35 ==> File_Worker_DoWork_Tail:  Updating Progress
2018-11-05 21:09:35 ==> File_Worker_DoWork_Tail:  New Log Entries: Object Created
2018-11-05 21:09:35 ==> File_Worker_DoWork_Tail:  Updating Progress
2018-11-05 21:09:35 ==> File_Worker_DoWork_Tail:  New Log Entries: Object Created
2018-11-05 21:09:36 ==> File_Worker_DoWork_Tail:  Updating Progress
2018-11-05 21:09:36 ==> File_Worker_DoWork_Tail:  New Log Entries: Object Created
2018-11-05 21:09:36 ==> File_Worker_DoWork_Tail:  Updating Progress
2018-11-05 21:09:44 ==> File_Worker_DoWork_Tail:  New Log Entries: Object Created
2018-11-05 21:09:44 ==> File_Worker_DoWork_Tail:  Updating Progress
2018-11-05 21:09:44 ==> File_Worker_DoWork_Tail:  New Log Entries: Object Created
2018-11-05 21:09:45 ==> File_Worker_DoWork_Tail:  Updating Progress
2018-11-05 21:09:45 ==> File_Worker_DoWork_Tail:  New Log Entries: Object Created
2018-11-05 21:09:45 ==> File_Worker_DoWork_Tail:  Updating Progress
2018-11-05 21:09:45 ==> File_Worker_DoWork_Tail:  New Log Entries: Object Created
2018-11-05 21:09:45 ==> File_Worker_DoWork_Tail:  Updating Progress
2018-11-05 21:09:45 ==> File_Worker_DoWork_Tail:  New Log Entries: Object Created
2018-11-05 21:09:45 ==> File_Worker_DoWork_Tail:  Updating Progress
2018-11-05 21:09:45 ==> File_Worker_DoWork_Tail:  New Log Entries: Object Created
2018-11-05 21:09:46 ==> File_Worker_DoWork_Tail:  Updating Progress
2018-11-05 21:09:46 ==> File_Worker_DoWork_Tail:  New Log Entries: Object Created
2018-11-05 21:09:46 ==> File_Worker_DoWork_Tail:  Updating Progress
2018-11-05 21:09:46 ==> File_Worker_DoWork_Tail:  New Log Entries: Object Created
2018-11-05 21:09:46 ==> File_Worker_DoWork_Tail:  Updating Progress
2018-11-05 21:09:46 ==> File_Worker_DoWork_Tail:  New Log Entries: Object Created
2018-11-05 21:09:46 ==> File_Worker_DoWork_Tail:  Updating Progress
2018-11-05 21:09:47 ==> File_Worker_DoWork_Tail:  New Log Entries: Object Created
2018-11-05 21:09:47 ==> File_Worker_DoWork_Tail:  Updating Progress
2018-11-05 21:09:47 ==> File_Worker_DoWork_Tail:  New Log Entries: Object Created
2018-11-05 21:09:47 ==> File_Worker_DoWork_Tail:  Updating Progress
2018-11-05 21:09:47 ==> File_Worker_DoWork_Tail:  New Log Entries: Object Created
2018-11-05 21:09:47 ==> File_Worker_DoWork_Tail:  Updating Progress
2018-11-05 21:09:47 ==> File_Worker_DoWork_Tail:  New Log Entries: Object Created
2018-11-05 21:09:48 ==> File_Worker_DoWork_Tail:  Updating Progress
2018-11-05 21:09:48 ==> File_Worker_DoWork_Tail:  New Log Entries: Object Created
2018-11-05 21:09:48 ==> File_Worker_DoWork_Tail:  Updating Progress
2018-11-05 21:09:48 ==> File_Worker_DoWork_Tail:  New Log Entries: Object Created
2018-11-05 21:09:48 ==> File_Worker_DoWork_Tail:  Updating Progress
2018-11-05 21:09:48 ==> File_Worker_DoWork_Tail:  New Log Entries: Object Created
2018-11-05 21:09:49 ==> File_Worker_DoWork_Tail:  Updating Progress
2018-11-05 21:09:49 ==> File_Worker_DoWork_Tail:  New Log Entries: Object Created
2018-11-05 21:09:49 ==> File_Worker_DoWork_Tail:  Updating Progress
2018-11-05 21:09:49 ==> File_Worker_DoWork_Tail:  New Log Entries: Object Created
2018-11-05 21:09:49 ==> File_Worker_DoWork_Tail:  Updating Progress
2018-11-05 21:09:49 ==> File_Worker_DoWork_Tail:  New Log Entries: Object Created
2018-11-05 21:09:50 ==> File_Worker_DoWork_Tail:  Updating Progress
2018-11-05 21:09:50 ==> File_Worker_DoWork_Tail:  New Log Entries: Object Created
2018-11-05 21:09:50 ==> File_Worker_DoWork_Tail:  Updating Progress
2018-11-05 21:09:57 ==> File_Worker_DoWork_Tail:  New Log Entries: Object Created
2018-11-05 21:09:57 ==> File_Worker_DoWork_Tail:  Updating Progress
2018-11-05 21:09:57 ==> File_Worker_DoWork_Tail:  New Log Entries: Object Created
2018-11-05 21:09:58 ==> File_Worker_DoWork_Tail:  Updating Progress
2018-11-05 21:09:58 ==> File_Worker_DoWork_Tail:  New Log Entries: Object Created
2018-11-05 21:09:58 ==> File_Worker_DoWork_Tail:  Updating Progress
2018-11-05 21:09:58 ==> File_Worker_DoWork_Tail:  New Log Entries: Object Created
2018-11-05 21:09:58 ==> File_Worker_DoWork_Tail:  Updating Progress
2018-11-05 21:09:58 ==> File_Worker_DoWork_Tail:  New Log Entries: Object Created
2018-11-05 21:09:58 ==> File_Worker_DoWork_Tail:  Updating Progress
2018-11-05 21:09:58 ==> File_Worker_DoWork_Tail:  New Log Entries: Object Created
2018-11-05 21:09:59 ==> File_Worker_DoWork_Tail:  Updating Progress
2018-11-05 21:09:59 ==> File_Worker_DoWork_Tail:  New Log Entries: Object Created
2018-11-05 21:09:59 ==> File_Worker_DoWork_Tail:  Updating Progress
2018-11-05 21:09:59 ==> File_Worker_DoWork_Tail:  New Log Entries: Object Created
2018-11-05 21:09:59 ==> File_Worker_DoWork_Tail:  Updating Progress
2018-11-05 21:09:59 ==> File_Worker_DoWork_Tail:  New Log Entries: Object Created
2018-11-05 21:10:00 ==> File_Worker_DoWork_Tail:  Updating Progress
2018-11-05 21:10:00 ==> File_Worker_DoWork_Tail:  New Log Entries: Object Created
2018-11-05 21:10:00 ==> File_Worker_DoWork_Tail:  Updating Progress
2018-11-05 21:10:00 ==> File_Worker_DoWork_Tail:  New Log Entries: Object Created
2018-11-05 21:10:00 ==> File_Worker_DoWork_Tail:  Updating Progress
2018-11-05 21:10:00 ==> File_Worker_DoWork_Tail:  New Log Entries: Object Created
2018-11-05 21:10:01 ==> File_Worker_DoWork_Tail:  Updating Progress
2018-11-05 21:10:01 ==> File_Worker_DoWork_Tail:  New Log Entries: Object Created
2018-11-05 21:10:01 ==> File_Worker_DoWork_Tail:  Updating Progress
2018-11-05 21:10:01 ==> File_Worker_DoWork_Tail:  New Log Entries: Object Created
2018-11-05 21:10:01 ==> File_Worker_DoWork_Tail:  Updating Progress
2018-11-05 21:10:01 ==> File_Worker_DoWork_Tail:  New Log Entries: Object Created
2018-11-05 21:10:01 ==> File_Worker_DoWork_Tail:  Updating Progress
2018-11-05 21:10:01 ==> File_Worker_DoWork_Tail:  New Log Entries: Object Created
2018-11-05 21:10:02 ==> File_Worker_DoWork_Tail:  Updating Progress
2018-11-05 21:10:02 ==> File_Worker_DoWork_Tail:  New Log Entries: Object Created
2018-11-05 21:10:02 ==> File_Worker_DoWork_Tail:  Updating Progress
2018-11-05 21:10:02 ==> File_Worker_DoWork_Tail:  New Log Entries: Object Created
2018-11-05 21:10:02 ==> File_Worker_DoWork_Tail:  Updating Progress
2018-11-05 21:10:10 ==> File_Worker_DoWork_Tail:  New Log Entries: Object Created
2018-11-05 21:10:10 ==> File_Worker_DoWork_Tail:  Updating Progress
2018-11-05 21:10:10 ==> File_Worker_DoWork_Tail:  New Log Entries: Object Created
2018-11-05 21:10:11 ==> File_Worker_DoWork_Tail:  Updating Progress
2018-11-05 21:10:11 ==> File_Worker_DoWork_Tail:  New Log Entries: Object Created
2018-11-05 21:10:11 ==> File_Worker_DoWork_Tail:  Updating Progress
2018-11-05 21:10:11 ==> File_Worker_DoWork_Tail:  New Log Entries: Object Created
2018-11-05 21:10:11 ==> File_Worker_DoWork_Tail:  Updating Progress
2018-11-05 21:10:11 ==> File_Worker_DoWork_Tail:  New Log Entries: Object Created
2018-11-05 21:10:11 ==> File_Worker_DoWork_Tail:  Updating Progress
2018-11-05 21:10:11 ==> File_Worker_DoWork_Tail:  New Log Entries: Object Created
2018-11-05 21:10:12 ==> File_Worker_DoWork_Tail:  Updating Progress
2018-11-05 21:10:12 ==> File_Worker_DoWork_Tail:  New Log Entries: Object Created
2018-11-05 21:10:12 ==> File_Worker_DoWork_Tail:  Updating Progress
2018-11-05 21:10:12 ==> File_Worker_DoWork_Tail:  New Log Entries: Object Created
2018-11-05 21:10:12 ==> File_Worker_DoWork_Tail:  Updating Progress
2018-11-05 21:10:12 ==> File_Worker_DoWork_Tail:  New Log Entries: Object Created
2018-11-05 21:10:12 ==> File_Worker_DoWork_Tail:  Updating Progress
2018-11-05 21:10:12 ==> File_Worker_DoWork_Tail:  New Log Entries: Object Created
2018-11-05 21:10:13 ==> File_Worker_DoWork_Tail:  Updating Progress
2018-11-05 21:10:13 ==> File_Worker_DoWork_Tail:  New Log Entries: Object Created
2018-11-05 21:10:13 ==> File_Worker_DoWork_Tail:  Updating Progress
2018-11-05 21:10:13 ==> File_Worker_DoWork_Tail:  New Log Entries: Object Created
2018-11-05 21:10:13 ==> File_Worker_DoWork_Tail:  Updating Progress
2018-11-05 21:10:13 ==> File_Worker_DoWork_Tail:  New Log Entries: Object Created
2018-11-05 21:10:14 ==> File_Worker_DoWork_Tail:  Updating Progress
2018-11-05 21:10:14 ==> File_Worker_DoWork_Tail:  New Log Entries: Object Created
2018-11-05 21:10:14 ==> File_Worker_DoWork_Tail:  Updating Progress
2018-11-05 21:10:14 ==> File_Worker_DoWork_Tail:  New Log Entries: Object Created
2018-11-05 21:10:14 ==> File_Worker_DoWork_Tail:  Updating Progress
2018-11-05 21:10:14 ==> File_Worker_DoWork_Tail:  New Log Entries: Object Created
2018-11-05 21:10:14 ==> File_Worker_DoWork_Tail:  Updating Progress
2018-11-05 21:10:14 ==> File_Worker_DoWork_Tail:  New Log Entries: Object Created
2018-11-05 21:10:15 ==> File_Worker_DoWork_Tail:  Updating Progress
2018-11-05 21:10:15 ==> File_Worker_DoWork_Tail:  New Log Entries: Object Created
2018-11-05 21:10:15 ==> File_Worker_DoWork_Tail:  Updating Progress
2018-11-05 21:10:15 ==> File_Worker_DoWork_Tail:  New Log Entries: Object Created
2018-11-05 21:10:15 ==> File_Worker_DoWork_Tail:  Updating Progress
2018-11-05 21:10:15 ==> File_Worker_DoWork_Tail:  New Log Entries: Object Created
2018-11-05 21:10:15 ==> File_Worker_DoWork_Tail:  Updating Progress
2018-11-05 21:10:16 ==> File_Worker_DoWork_Tail:  New Log Entries: Object Created
2018-11-05 21:10:16 ==> File_Worker_DoWork_Tail:  Updating Progress
2018-11-05 21:10:16 ==> File_Worker_DoWork_Tail:  New Log Entries: Object Created
2018-11-05 21:10:16 ==> File_Worker_DoWork_Tail:  Updating Progress
2018-11-05 21:10:16 ==> File_Worker_DoWork_Tail:  New Log Entries: Object Created
2018-11-05 21:10:16 ==> File_Worker_DoWork_Tail:  Updating Progress
2018-11-05 21:10:23 ==> File_Worker_DoWork_Tail:  New Log Entries: Object Created
2018-11-05 21:10:23 ==> File_Worker_DoWork_Tail:  Tail exit
2018-11-06 18:05:55 ==> File_Worker_DoWork_Tail:  Log file tail started.
2018-11-06 18:06:00 ==> File_Worker_DoWork_Tail:  New Log Entries: Object Created
2018-11-06 18:06:00 ==> File_Worker_DoWork_Tail:  Updating Progress
2018-11-06 18:06:00 ==> File_Worker_DoWork_Tail:  New Log Entries: Object Created
2018-11-06 18:06:00 ==> File_Worker_DoWork_Tail:  Updating Progress
2018-11-06 18:06:01 ==> File_Worker_DoWork_Tail:  New Log Entries: Object Created
2018-11-06 18:06:01 ==> File_Worker_DoWork_Tail:  Updating Progress
2018-11-06 18:06:01 ==> File_Worker_DoWork_Tail:  New Log Entries: Object Created
2018-11-06 18:06:01 ==> File_Worker_DoWork_Tail:  Updating Progress
2018-11-06 18:06:01 ==> File_Worker_DoWork_Tail:  New Log Entries: Object Created
2018-11-06 18:06:01 ==> File_Worker_DoWork_Tail:  Updating Progress
2018-11-06 18:06:01 ==> File_Worker_DoWork_Tail:  New Log Entries: Object Created
2018-11-06 18:06:01 ==> File_Worker_DoWork_Tail:  Updating Progress
2018-11-06 18:06:01 ==> File_Worker_DoWork_Tail:  New Log Entries: Object Created
2018-11-06 18:06:01 ==> File_Worker_DoWork_Tail:  Updating Progress
2018-11-06 18:06:01 ==> File_Worker_DoWork_Tail:  New Log Entries: Object Created
2018-11-06 18:06:01 ==> File_Worker_DoWork_Tail:  Updating Progress
2018-11-06 18:06:01 ==> File_Worker_DoWork_Tail:  New Log Entries: Object Created
2018-11-06 18:06:01 ==> File_Worker_DoWork_Tail:  Updating Progress
2018-11-06 18:06:01 ==> File_Worker_DoWork_Tail:  New Log Entries: Object Created
2018-11-06 18:06:01 ==> File_Worker_DoWork_Tail:  Updating Progress
2018-11-06 18:06:01 ==> File_Worker_DoWork_Tail:  New Log Entries: Object Created
2018-11-06 18:06:01 ==> File_Worker_DoWork_Tail:  Updating Progress
2018-11-06 18:06:01 ==> File_Worker_DoWork_Tail:  New Log Entries: Object Created
2018-11-06 18:06:01 ==> File_Worker_DoWork_Tail:  Updating Progress
2018-11-06 18:06:01 ==> File_Worker_DoWork_Tail:  New Log Entries: Object Created
2018-11-06 18:06:01 ==> File_Worker_DoWork_Tail:  Updating Progress
2018-11-06 18:06:01 ==> File_Worker_DoWork_Tail:  New Log Entries: Object Created
2018-11-06 18:06:01 ==> File_Worker_DoWork_Tail:  Updating Progress
2018-11-06 18:06:01 ==> File_Worker_DoWork_Tail:  New Log Entries: Object Created
2018-11-06 18:06:01 ==> File_Worker_DoWork_Tail:  Updating Progress
2018-11-06 18:06:01 ==> File_Worker_DoWork_Tail:  New Log Entries: Object Created
2018-11-06 18:06:01 ==> File_Worker_DoWork_Tail:  Updating Progress
2018-11-06 18:06:01 ==> File_Worker_DoWork_Tail:  New Log Entries: Object Created
2018-11-06 18:06:01 ==> File_Worker_DoWork_Tail:  Updating Progress
2018-11-06 18:06:01 ==> File_Worker_DoWork_Tail:  New Log Entries: Object Created
2018-11-06 18:06:01 ==> File_Worker_DoWork_Tail:  Updating Progress
2018-11-06 18:06:01 ==> File_Worker_DoWork_Tail:  New Log Entries: Object Created
2018-11-06 18:06:01 ==> File_Worker_DoWork_Tail:  Updating Progress
2018-11-06 18:06:01 ==> File_Worker_DoWork_Tail:  New Log Entries: Object Created
2018-11-06 18:06:01 ==> File_Worker_DoWork_Tail:  Updating Progress
2018-11-06 18:06:01 ==> File_Worker_DoWork_Tail:  New Log Entries: Object Created
2018-11-06 18:06:01 ==> File_Worker_DoWork_Tail:  Updating Progress
2018-11-06 18:06:01 ==> File_Worker_DoWork_Tail:  New Log Entries: Object Created
2018-11-06 18:06:01 ==> File_Worker_DoWork_Tail:  Updating Progress
2018-11-06 18:06:01 ==> File_Worker_DoWork_Tail:  New Log Entries: Object Created
2018-11-06 18:06:01 ==> File_Worker_DoWork_Tail:  Updating Progress
2018-11-06 18:06:01 ==> File_Worker_DoWork_Tail:  New Log Entries: Object Created
2018-11-06 18:06:01 ==> File_Worker_DoWork_Tail:  Updating Progress
2018-11-06 18:06:01 ==> File_Worker_DoWork_Tail:  New Log Entries: Object Created
2018-11-06 18:06:01 ==> File_Worker_DoWork_Tail:  Updating Progress
2018-11-06 18:06:01 ==> File_Worker_DoWork_Tail:  New Log Entries: Object Created
2018-11-06 18:06:01 ==> File_Worker_DoWork_Tail:  Updating Progress
2018-11-06 18:06:01 ==> File_Worker_DoWork_Tail:  New Log Entries: Object Created
2018-11-06 18:06:01 ==> File_Worker_DoWork_Tail:  Updating Progress
2018-11-06 18:06:02 ==> File_Worker_DoWork_Tail:  New Log Entries: Object Created
2018-11-06 18:06:02 ==> File_Worker_DoWork_Tail:  Updating Progress
2018-11-06 18:06:13 ==> File_Worker_DoWork_Tail:  New Log Entries: Object Created
2018-11-06 18:06:13 ==> File_Worker_DoWork_Tail:  Updating Progress
2018-11-06 18:06:13 ==> File_Worker_DoWork_Tail:  New Log Entries: Object Created
2018-11-06 18:06:13 ==> File_Worker_DoWork_Tail:  Updating Progress
2018-11-06 18:06:14 ==> File_Worker_DoWork_Tail:  New Log Entries: Object Created
2018-11-06 18:06:14 ==> File_Worker_DoWork_Tail:  Updating Progress
2018-11-06 18:06:14 ==> File_Worker_DoWork_Tail:  New Log Entries: Object Created
2018-11-06 18:06:14 ==> File_Worker_DoWork_Tail:  Updating Progress
2018-11-06 18:06:14 ==> File_Worker_DoWork_Tail:  New Log Entries: Object Created
2018-11-06 18:06:14 ==> File_Worker_DoWork_Tail:  Updating Progress
2018-11-06 18:06:14 ==> File_Worker_DoWork_Tail:  New Log Entries: Object Created
2018-11-06 18:06:14 ==> File_Worker_DoWork_Tail:  Updating Progress
2018-11-06 18:06:42 ==> File_Worker_DoWork_Tail:  New Log Entries: Object Created
2018-11-06 18:06:42 ==> File_Worker_DoWork_Tail:  Updating Progress
2018-11-06 18:06:42 ==> File_Worker_DoWork_Tail:  New Log Entries: Object Created
2018-11-06 18:06:42 ==> File_Worker_DoWork_Tail:  Updating Progress
2018-11-06 18:06:42 ==> File_Worker_DoWork_Tail:  New Log Entries: Object Created
2018-11-06 18:06:42 ==> File_Worker_DoWork_Tail:  Updating Progress
2018-11-06 18:06:42 ==> File_Worker_DoWork_Tail:  New Log Entries: Object Created
2018-11-06 18:06:42 ==> File_Worker_DoWork_Tail:  Updating Progress
2018-11-06 18:06:42 ==> File_Worker_DoWork_Tail:  New Log Entries: Object Created
2018-11-06 18:06:42 ==> File_Worker_DoWork_Tail:  Updating Progress
2018-11-06 18:06:42 ==> File_Worker_DoWork_Tail:  New Log Entries: Object Created
2018-11-06 18:06:42 ==> File_Worker_DoWork_Tail:  Updating Progress
2018-11-06 18:06:42 ==> File_Worker_DoWork_Tail:  New Log Entries: Object Created
2018-11-06 18:06:42 ==> File_Worker_DoWork_Tail:  Updating Progress
2018-11-06 18:06:42 ==> File_Worker_DoWork_Tail:  New Log Entries: Object Created
2018-11-06 18:06:42 ==> File_Worker_DoWork_Tail:  Updating Progress
2018-11-06 18:06:42 ==> File_Worker_DoWork_Tail:  New Log Entries: Object Created
2018-11-06 18:06:42 ==> File_Worker_DoWork_Tail:  Updating Progress
2018-11-06 18:06:42 ==> File_Worker_DoWork_Tail:  New Log Entries: Object Created
2018-11-06 18:06:42 ==> File_Worker_DoWork_Tail:  Updating Progress
2018-11-06 18:06:55 ==> File_Worker_DoWork_Tail:  New Log Entries: Object Created
2018-11-06 18:06:55 ==> File_Worker_DoWork_Tail:  Updating Progress
2018-11-06 18:06:55 ==> File_Worker_DoWork_Tail:  New Log Entries: Object Created
2018-11-06 18:06:55 ==> File_Worker_DoWork_Tail:  Updating Progress
2018-11-06 18:06:55 ==> File_Worker_DoWork_Tail:  New Log Entries: Object Created
2018-11-06 18:06:55 ==> File_Worker_DoWork_Tail:  Updating Progress
2018-11-06 18:06:55 ==> File_Worker_DoWork_Tail:  New Log Entries: Object Created
2018-11-06 18:06:55 ==> File_Worker_DoWork_Tail:  Updating Progress
2018-11-06 18:06:55 ==> File_Worker_DoWork_Tail:  New Log Entries: Object Created
2018-11-06 18:06:55 ==> File_Worker_DoWork_Tail:  Updating Progress
2018-11-06 18:06:55 ==> File_Worker_DoWork_Tail:  New Log Entries: Object Created
2018-11-06 18:06:55 ==> File_Worker_DoWork_Tail:  Updating Progress
2018-11-06 18:06:55 ==> File_Worker_DoWork_Tail:  New Log Entries: Object Created
2018-11-06 18:06:55 ==> File_Worker_DoWork_Tail:  Updating Progress
2018-11-06 18:06:55 ==> File_Worker_DoWork_Tail:  New Log Entries: Object Created
2018-11-06 18:06:55 ==> File_Worker_DoWork_Tail:  Updating Progress
2018-11-06 18:06:55 ==> File_Worker_DoWork_Tail:  New Log Entries: Object Created
2018-11-06 18:06:55 ==> File_Worker_DoWork_Tail:  Updating Progress
2018-11-06 18:06:55 ==> File_Worker_DoWork_Tail:  New Log Entries: Object Created
2018-11-06 18:06:55 ==> File_Worker_DoWork_Tail:  Updating Progress
2018-11-06 18:06:55 ==> File_Worker_DoWork_Tail:  New Log Entries: Object Created
2018-11-06 18:06:55 ==> File_Worker_DoWork_Tail:  Updating Progress
2018-11-06 18:06:55 ==> File_Worker_DoWork_Tail:  New Log Entries: Object Created
2018-11-06 18:06:55 ==> File_Worker_DoWork_Tail:  Updating Progress
2018-11-06 18:06:55 ==> File_Worker_DoWork_Tail:  New Log Entries: Object Created
2018-11-06 18:06:55 ==> File_Worker_DoWork_Tail:  Updating Progress
2018-11-06 18:06:55 ==> File_Worker_DoWork_Tail:  New Log Entries: Object Created
2018-11-06 18:06:55 ==> File_Worker_DoWork_Tail:  Updating Progress
2018-11-06 18:06:55 ==> File_Worker_DoWork_Tail:  New Log Entries: Object Created
2018-11-06 18:06:55 ==> File_Worker_DoWork_Tail:  Updating Progress
2018-11-06 18:06:55 ==> File_Worker_DoWork_Tail:  New Log Entries: Object Created
2018-11-06 18:06:55 ==> File_Worker_DoWork_Tail:  Updating Progress
2018-11-06 18:06:55 ==> File_Worker_DoWork_Tail:  New Log Entries: Object Created
2018-11-06 18:06:55 ==> File_Worker_DoWork_Tail:  Updating Progress
2018-11-06 18:06:55 ==> File_Worker_DoWork_Tail:  New Log Entries: Object Created
2018-11-06 18:06:55 ==> File_Worker_DoWork_Tail:  Updating Progress
2018-11-06 18:06:55 ==> File_Worker_DoWork_Tail:  New Log Entries: Object Created
2018-11-06 18:06:55 ==> File_Worker_DoWork_Tail:  Updating Progress
2018-11-06 18:06:55 ==> File_Worker_DoWork_Tail:  New Log Entries: Object Created
2018-11-06 18:06:55 ==> File_Worker_DoWork_Tail:  Updating Progress
2018-11-06 18:06:55 ==> File_Worker_DoWork_Tail:  New Log Entries: Object Created
2018-11-06 18:06:55 ==> File_Worker_DoWork_Tail:  Updating Progress
2018-11-06 18:06:55 ==> File_Worker_DoWork_Tail:  New Log Entries: Object Created
2018-11-06 18:06:55 ==> File_Worker_DoWork_Tail:  Updating Progress
2018-11-06 18:07:08 ==> File_Worker_DoWork_Tail:  New Log Entries: Object Created
2018-11-06 18:07:08 ==> File_Worker_DoWork_Tail:  Updating Progress
2018-11-06 18:07:08 ==> File_Worker_DoWork_Tail:  New Log Entries: Object Created
2018-11-06 18:07:08 ==> File_Worker_DoWork_Tail:  Updating Progress
2018-11-06 18:07:08 ==> File_Worker_DoWork_Tail:  New Log Entries: Object Created
2018-11-06 18:07:08 ==> File_Worker_DoWork_Tail:  Updating Progress
2018-11-06 18:07:08 ==> File_Worker_DoWork_Tail:  New Log Entries: Object Created
2018-11-06 18:07:08 ==> File_Worker_DoWork_Tail:  Updating Progress
2018-11-06 18:07:08 ==> File_Worker_DoWork_Tail:  New Log Entries: Object Created
2018-11-06 18:07:08 ==> File_Worker_DoWork_Tail:  Updating Progress
2018-11-06 18:07:08 ==> File_Worker_DoWork_Tail:  New Log Entries: Object Created
2018-11-06 18:07:08 ==> File_Worker_DoWork_Tail:  Updating Progress
2018-11-06 18:07:08 ==> File_Worker_DoWork_Tail:  New Log Entries: Object Created
2018-11-06 18:07:08 ==> File_Worker_DoWork_Tail:  Updating Progress
2018-11-06 18:07:08 ==> File_Worker_DoWork_Tail:  New Log Entries: Object Created
2018-11-06 18:07:08 ==> File_Worker_DoWork_Tail:  Updating Progress
2018-11-06 18:07:08 ==> File_Worker_DoWork_Tail:  New Log Entries: Object Created
2018-11-06 18:07:08 ==> File_Worker_DoWork_Tail:  Updating Progress
2018-11-06 18:07:08 ==> File_Worker_DoWork_Tail:  New Log Entries: Object Created
2018-11-06 18:07:08 ==> File_Worker_DoWork_Tail:  Updating Progress
2018-11-06 18:07:08 ==> File_Worker_DoWork_Tail:  New Log Entries: Object Created
2018-11-06 18:07:08 ==> File_Worker_DoWork_Tail:  Updating Progress
2018-11-06 18:07:08 ==> File_Worker_DoWork_Tail:  New Log Entries: Object Created
2018-11-06 18:07:08 ==> File_Worker_DoWork_Tail:  Updating Progress
2018-11-06 18:07:08 ==> File_Worker_DoWork_Tail:  New Log Entries: Object Created
2018-11-06 18:07:08 ==> File_Worker_DoWork_Tail:  Updating Progress
2018-11-06 18:07:08 ==> File_Worker_DoWork_Tail:  New Log Entries: Object Created
2018-11-06 18:07:08 ==> File_Worker_DoWork_Tail:  Updating Progress
2018-11-06 18:07:08 ==> File_Worker_DoWork_Tail:  New Log Entries: Object Created
2018-11-06 18:07:08 ==> File_Worker_DoWork_Tail:  Updating Progress
2018-11-06 18:07:08 ==> File_Worker_DoWork_Tail:  New Log Entries: Object Created
2018-11-06 18:07:08 ==> File_Worker_DoWork_Tail:  Updating Progress
2018-11-06 18:07:08 ==> File_Worker_DoWork_Tail:  New Log Entries: Object Created
2018-11-06 18:07:08 ==> File_Worker_DoWork_Tail:  Updating Progress
2018-11-06 18:07:21 ==> File_Worker_DoWork_Tail:  New Log Entries: Object Created
2018-11-06 18:07:21 ==> File_Worker_DoWork_Tail:  Tail exit
2018-11-06 18:09:23 ==> File_Worker_DoWork_Tail:  Log file tail started.
2018-11-06 18:09:36 ==> File_Worker_DoWork_Tail:  New Log Entries: Object Created
2018-11-06 18:09:36 ==> File_Worker_DoWork_Tail:  Updating Progress
2018-11-06 18:09:49 ==> File_Worker_DoWork_Tail:  New Log Entries: Object Created
2018-11-06 18:09:49 ==> File_Worker_DoWork_Tail:  Updating Progress
2018-11-06 18:10:35 ==> File_Worker_DoWork_Tail:  New Log Entries: Object Created
2018-11-06 18:10:35 ==> File_Worker_DoWork_Tail:  Updating Progress
2018-11-06 18:10:35 ==> File_Worker_DoWork_Tail:  New Log Entries: Object Created
2018-11-06 18:10:35 ==> File_Worker_DoWork_Tail:  Updating Progress
2018-11-06 18:10:35 ==> File_Worker_DoWork_Tail:  New Log Entries: Object Created
2018-11-06 18:10:35 ==> File_Worker_DoWork_Tail:  Updating Progress
2018-11-06 18:10:35 ==> File_Worker_DoWork_Tail:  New Log Entries: Object Created
2018-11-06 18:10:35 ==> File_Worker_DoWork_Tail:  Updating Progress
2018-11-06 18:10:35 ==> File_Worker_DoWork_Tail:  New Log Entries: Object Created
2018-11-06 18:10:35 ==> File_Worker_DoWork_Tail:  Updating Progress
2018-11-06 18:10:35 ==> File_Worker_DoWork_Tail:  New Log Entries: Object Created
2018-11-06 18:10:35 ==> File_Worker_DoWork_Tail:  Updating Progress
2018-11-06 18:10:35 ==> File_Worker_DoWork_Tail:  New Log Entries: Object Created
2018-11-06 18:10:36 ==> File_Worker_DoWork_Tail:  Updating Progress
2018-11-06 18:10:36 ==> File_Worker_DoWork_Tail:  New Log Entries: Object Created
2018-11-06 18:10:36 ==> File_Worker_DoWork_Tail:  Updating Progress
2018-11-06 18:10:36 ==> File_Worker_DoWork_Tail:  New Log Entries: Object Created
2018-11-06 18:10:36 ==> File_Worker_DoWork_Tail:  Updating Progress
2018-11-06 18:10:36 ==> File_Worker_DoWork_Tail:  New Log Entries: Object Created
2018-11-06 18:10:36 ==> File_Worker_DoWork_Tail:  Updating Progress
2018-11-06 18:10:36 ==> File_Worker_DoWork_Tail:  New Log Entries: Object Created
2018-11-06 18:10:37 ==> File_Worker_DoWork_Tail:  Updating Progress
2018-11-06 18:10:37 ==> File_Worker_DoWork_Tail:  New Log Entries: Object Created
2018-11-06 18:10:37 ==> File_Worker_DoWork_Tail:  Updating Progress
2018-11-06 18:10:37 ==> File_Worker_DoWork_Tail:  New Log Entries: Object Created
2018-11-06 18:10:37 ==> File_Worker_DoWork_Tail:  Updating Progress
2018-11-06 18:10:37 ==> File_Worker_DoWork_Tail:  New Log Entries: Object Created
2018-11-06 18:10:37 ==> File_Worker_DoWork_Tail:  Updating Progress
2018-11-06 18:10:37 ==> File_Worker_DoWork_Tail:  New Log Entries: Object Created
2018-11-06 18:10:38 ==> File_Worker_DoWork_Tail:  Updating Progress
2018-11-06 18:10:38 ==> File_Worker_DoWork_Tail:  New Log Entries: Object Created
2018-11-06 18:10:38 ==> File_Worker_DoWork_Tail:  Updating Progress
2018-11-06 18:10:38 ==> File_Worker_DoWork_Tail:  New Log Entries: Object Created
2018-11-06 18:10:38 ==> File_Worker_DoWork_Tail:  Updating Progress
2018-11-06 18:10:38 ==> File_Worker_DoWork_Tail:  New Log Entries: Object Created
2018-11-06 18:10:38 ==> File_Worker_DoWork_Tail:  Updating Progress
2018-11-06 18:10:38 ==> File_Worker_DoWork_Tail:  New Log Entries: Object Created
2018-11-06 18:10:39 ==> File_Worker_DoWork_Tail:  Updating Progress
2018-11-06 18:10:39 ==> File_Worker_DoWork_Tail:  New Log Entries: Object Created
2018-11-06 18:10:39 ==> File_Worker_DoWork_Tail:  Updating Progress
2018-11-06 18:10:39 ==> File_Worker_DoWork_Tail:  New Log Entries: Object Created
2018-11-06 18:10:39 ==> File_Worker_DoWork_Tail:  Updating Progress
2018-11-06 18:10:39 ==> File_Worker_DoWork_Tail:  New Log Entries: Object Created
2018-11-06 18:10:39 ==> File_Worker_DoWork_Tail:  Updating Progress
2018-11-06 18:10:48 ==> File_Worker_DoWork_Tail:  New Log Entries: Object Created
2018-11-06 18:10:48 ==> File_Worker_DoWork_Tail:  Updating Progress
2018-11-06 18:10:48 ==> File_Worker_DoWork_Tail:  New Log Entries: Object Created
2018-11-06 18:10:48 ==> File_Worker_DoWork_Tail:  Updating Progress
2018-11-06 18:10:48 ==> File_Worker_DoWork_Tail:  New Log Entries: Object Created
2018-11-06 18:10:48 ==> File_Worker_DoWork_Tail:  Updating Progress
2018-11-06 18:10:48 ==> File_Worker_DoWork_Tail:  New Log Entries: Object Created
2018-11-06 18:10:49 ==> File_Worker_DoWork_Tail:  Updating Progress
2018-11-06 18:10:49 ==> File_Worker_DoWork_Tail:  New Log Entries: Object Created
2018-11-06 18:10:49 ==> File_Worker_DoWork_Tail:  Updating Progress
2018-11-06 18:10:49 ==> File_Worker_DoWork_Tail:  New Log Entries: Object Created
2018-11-06 18:10:49 ==> File_Worker_DoWork_Tail:  Updating Progress
2018-11-06 18:10:49 ==> File_Worker_DoWork_Tail:  New Log Entries: Object Created
2018-11-06 18:10:49 ==> File_Worker_DoWork_Tail:  Updating Progress
2018-11-06 18:10:49 ==> File_Worker_DoWork_Tail:  New Log Entries: Object Created
2018-11-06 18:10:50 ==> File_Worker_DoWork_Tail:  Updating Progress
2018-11-06 18:10:50 ==> File_Worker_DoWork_Tail:  New Log Entries: Object Created
2018-11-06 18:10:50 ==> File_Worker_DoWork_Tail:  Updating Progress
2018-11-06 18:10:50 ==> File_Worker_DoWork_Tail:  New Log Entries: Object Created
2018-11-06 18:10:50 ==> File_Worker_DoWork_Tail:  Updating Progress
2018-11-06 18:10:50 ==> File_Worker_DoWork_Tail:  New Log Entries: Object Created
2018-11-06 18:10:50 ==> File_Worker_DoWork_Tail:  Updating Progress
2018-11-06 18:10:51 ==> File_Worker_DoWork_Tail:  New Log Entries: Object Created
2018-11-06 18:10:51 ==> File_Worker_DoWork_Tail:  Updating Progress
2018-11-06 18:10:51 ==> File_Worker_DoWork_Tail:  New Log Entries: Object Created
2018-11-06 18:10:51 ==> File_Worker_DoWork_Tail:  Updating Progress
2018-11-06 18:10:51 ==> File_Worker_DoWork_Tail:  New Log Entries: Object Created
2018-11-06 18:10:51 ==> File_Worker_DoWork_Tail:  Updating Progress
2018-11-06 18:10:51 ==> File_Worker_DoWork_Tail:  New Log Entries: Object Created
2018-11-06 18:10:52 ==> File_Worker_DoWork_Tail:  Updating Progress
2018-11-06 18:10:52 ==> File_Worker_DoWork_Tail:  New Log Entries: Object Created
2018-11-06 18:10:52 ==> File_Worker_DoWork_Tail:  Updating Progress
2018-11-06 18:10:52 ==> File_Worker_DoWork_Tail:  New Log Entries: Object Created
2018-11-06 18:10:52 ==> File_Worker_DoWork_Tail:  Updating Progress
2018-11-06 18:11:01 ==> File_Worker_DoWork_Tail:  New Log Entries: Object Created
2018-11-06 18:11:01 ==> File_Worker_DoWork_Tail:  Updating Progress
2018-11-06 18:11:01 ==> File_Worker_DoWork_Tail:  New Log Entries: Object Created
2018-11-06 18:11:01 ==> File_Worker_DoWork_Tail:  Updating Progress
2018-11-06 18:11:01 ==> File_Worker_DoWork_Tail:  New Log Entries: Object Created
2018-11-06 18:11:01 ==> File_Worker_DoWork_Tail:  Updating Progress
2018-11-06 18:11:01 ==> File_Worker_DoWork_Tail:  New Log Entries: Object Created
2018-11-06 18:11:02 ==> File_Worker_DoWork_Tail:  Updating Progress
2018-11-06 18:11:02 ==> File_Worker_DoWork_Tail:  New Log Entries: Object Created
2018-11-06 18:11:02 ==> File_Worker_DoWork_Tail:  Updating Progress
2018-11-06 18:11:02 ==> File_Worker_DoWork_Tail:  New Log Entries: Object Created
2018-11-06 18:11:02 ==> File_Worker_DoWork_Tail:  Updating Progress
2018-11-06 18:11:02 ==> File_Worker_DoWork_Tail:  New Log Entries: Object Created
2018-11-06 18:11:02 ==> File_Worker_DoWork_Tail:  Updating Progress
2018-11-06 18:11:02 ==> File_Worker_DoWork_Tail:  New Log Entries: Object Created
2018-11-06 18:11:03 ==> File_Worker_DoWork_Tail:  Updating Progress
2018-11-06 18:11:03 ==> File_Worker_DoWork_Tail:  New Log Entries: Object Created
2018-11-06 18:11:03 ==> File_Worker_DoWork_Tail:  Updating Progress
2018-11-06 18:11:03 ==> File_Worker_DoWork_Tail:  New Log Entries: Object Created
2018-11-06 18:11:03 ==> File_Worker_DoWork_Tail:  Updating Progress
2018-11-06 18:11:03 ==> File_Worker_DoWork_Tail:  New Log Entries: Object Created
2018-11-06 18:11:04 ==> File_Worker_DoWork_Tail:  Updating Progress
2018-11-06 18:11:04 ==> File_Worker_DoWork_Tail:  New Log Entries: Object Created
2018-11-06 18:11:04 ==> File_Worker_DoWork_Tail:  Updating Progress
2018-11-06 18:11:04 ==> File_Worker_DoWork_Tail:  New Log Entries: Object Created
2018-11-06 18:11:04 ==> File_Worker_DoWork_Tail:  Updating Progress
2018-11-06 18:11:04 ==> File_Worker_DoWork_Tail:  New Log Entries: Object Created
2018-11-06 18:11:04 ==> File_Worker_DoWork_Tail:  Updating Progress
2018-11-06 18:11:04 ==> File_Worker_DoWork_Tail:  New Log Entries: Object Created
2018-11-06 18:11:05 ==> File_Worker_DoWork_Tail:  Updating Progress
2018-11-06 18:11:05 ==> File_Worker_DoWork_Tail:  New Log Entries: Object Created
2018-11-06 18:11:05 ==> File_Worker_DoWork_Tail:  Updating Progress
2018-11-06 18:11:05 ==> File_Worker_DoWork_Tail:  New Log Entries: Object Created
2018-11-06 18:11:05 ==> File_Worker_DoWork_Tail:  Updating Progress
2018-11-06 18:11:05 ==> File_Worker_DoWork_Tail:  New Log Entries: Object Created
2018-11-06 18:11:05 ==> File_Worker_DoWork_Tail:  Updating Progress
2018-11-06 18:11:05 ==> File_Worker_DoWork_Tail:  New Log Entries: Object Created
2018-11-06 18:11:06 ==> File_Worker_DoWork_Tail:  Updating Progress
2018-11-06 18:11:06 ==> File_Worker_DoWork_Tail:  New Log Entries: Object Created
2018-11-06 18:11:06 ==> File_Worker_DoWork_Tail:  Updating Progress
2018-11-06 18:11:06 ==> File_Worker_DoWork_Tail:  New Log Entries: Object Created
2018-11-06 18:11:06 ==> File_Worker_DoWork_Tail:  Updating Progress
2018-11-06 18:11:14 ==> File_Worker_DoWork_Tail:  New Log Entries: Object Created
2018-11-06 18:11:14 ==> File_Worker_DoWork_Tail:  Updating Progress
2018-11-06 18:11:14 ==> File_Worker_DoWork_Tail:  New Log Entries: Object Created
2018-11-06 18:11:14 ==> File_Worker_DoWork_Tail:  Updating Progress
2018-11-06 18:11:14 ==> File_Worker_DoWork_Tail:  New Log Entries: Object Created
2018-11-06 18:11:14 ==> File_Worker_DoWork_Tail:  Tail exit
